[    4559ms] [INFO] %cDownload the React DevTools for a better development experience: https://reactjs.org/link/react-devtools font-weight:bold @ webpack-internal:///(app-pages-browser)/../../node_modules/.pnpm/next@14.2.35_@babel+core@7.29.0_@opentelemetry+api@1.9.1_@playwright+test@1.59.1_react-_ddb18e2cec85d1d825067b871843901d/node_modules/next/dist/compiled/react-dom/cjs/react-dom.development.js:38559
[    4880ms] [LOG] [Fast Refresh] rebuilding @ webpack-internal:///(app-pages-browser)/../../node_modules/.pnpm/next@14.2.35_@babel+core@7.29.0_@opentelemetry+api@1.9.1_@playwright+test@1.59.1_react-_ddb18e2cec85d1d825067b871843901d/node_modules/next/dist/client/components/react-dev-overlay/app/hot-reloader-client.js:186
[    5207ms] [ERROR] Failed to fetch RSC payload for http://localhost:3000/recordings/8d172788-55f2-4ccd-8b45-f159affbcfa7. Falling back to browser navigation. TypeError: Failed to fetch
    at fetchServerResponse (webpack-internal:///(app-pages-browser)/../../node_modules/.pnpm/next@14.2.35_@babel+core@7.29.0_@opentelemetry+api@1.9.1_@playwright+test@1.59.1_react-_ddb18e2cec85d1d825067b871843901d/node_modules/next/dist/client/components/router-reducer/fetch-server-response.js:59:27)
    at fastRefreshReducerImpl (webpack-internal:///(app-pages-browser)/../../node_modules/.pnpm/next@14.2.35_@babel+core@7.29.0_@opentelemetry+api@1.9.1_@playwright+test@1.59.1_react-_ddb18e2cec85d1d825067b871843901d/node_modules/next/dist/client/components/router-reducer/reducers/fast-refresh-reducer.js:33:67)
    at clientReducer (webpack-internal:///(app-pages-browser)/../../node_modules/.pnpm/next@14.2.35_@babel+core@7.29.0_@opentelemetry+api@1.9.1_@playwright+test@1.59.1_react-_ddb18e2cec85d1d825067b871843901d/node_modules/next/dist/client/components/router-reducer/router-reducer.js:41:67)
    at Object.action (webpack-internal:///(app-pages-browser)/../../node_modules/.pnpm/next@14.2.35_@babel+core@7.29.0_@opentelemetry+api@1.9.1_@playwright+test@1.59.1_react-_ddb18e2cec85d1d825067b871843901d/node_modules/next/dist/shared/lib/router/action-queue.js:150:55)
    at runAction (webpack-internal:///(app-pages-browser)/../../node_modules/.pnpm/next@14.2.35_@babel+core@7.29.0_@opentelemetry+api@1.9.1_@playwright+test@1.59.1_react-_ddb18e2cec85d1d825067b871843901d/node_modules/next/dist/shared/lib/router/action-queue.js:56:38)
    at dispatchAction (webpack-internal:///(app-pages-browser)/../../node_modules/.pnpm/next@14.2.35_@babel+core@7.29.0_@opentelemetry+api@1.9.1_@playwright+test@1.59.1_react-_ddb18e2cec85d1d825067b871843901d/node_modules/next/dist/shared/lib/router/action-queue.js:113:9)
    at Object.dispatch (webpack-internal:///(app-pages-browser)/../../node_modules/.pnpm/next@14.2.35_@babel+core@7.29.0_@opentelemetry+api@1.9.1_@playwright+test@1.59.1_react-_ddb18e2cec85d1d825067b871843901d/node_modules/next/dist/shared/lib/router/action-queue.js:145:40)
    at eval (webpack-internal:///(app-pages-browser)/../../node_modules/.pnpm/next@14.2.35_@babel+core@7.29.0_@opentelemetry+api@1.9.1_@playwright+test@1.59.1_react-_ddb18e2cec85d1d825067b871843901d/node_modules/next/dist/client/components/use-reducer-with-devtools.js:130:21)
    at eval (webpack-internal:///(app-pages-browser)/../../node_modules/.pnpm/next@14.2.35_@babel+core@7.29.0_@opentelemetry+api@1.9.1_@playwright+test@1.59.1_react-_ddb18e2cec85d1d825067b871843901d/node_modules/next/dist/client/components/app-router.js:304:25)
    at startTransition (webpack-internal:///(app-pages-browser)/../../node_modules/.pnpm/next@14.2.35_@babel+core@7.29.0_@opentelemetry+api@1.9.1_@playwright+test@1.59.1_react-_ddb18e2cec85d1d825067b871843901d/node_modules/next/dist/compiled/react/cjs/react.development.js:2597:25)
    at Object.fastRefresh (webpack-internal:///(app-pages-browser)/../../node_modules/.pnpm/next@14.2.35_@babel+core@7.29.0_@opentelemetry+api@1.9.1_@playwright+test@1.59.1_react-_ddb18e2cec85d1d825067b871843901d/node_modules/next/dist/client/components/app-router.js:303:48)
    at eval (webpack-internal:///(app-pages-browser)/../../node_modules/.pnpm/next@14.2.35_@babel+core@7.29.0_@opentelemetry+api@1.9.1_@playwright+test@1.59.1_react-_ddb18e2cec85d1d825067b871843901d/node_modules/next/dist/client/components/react-dev-overlay/app/hot-reloader-client.js:277:28)
    at startTransition (webpack-internal:///(app-pages-browser)/../../node_modules/.pnpm/next@14.2.35_@babel+core@7.29.0_@opentelemetry+api@1.9.1_@playwright+test@1.59.1_react-_ddb18e2cec85d1d825067b871843901d/node_modules/next/dist/compiled/react/cjs/react.development.js:2597:25)
    at processMessage (webpack-internal:///(app-pages-browser)/../../node_modules/.pnpm/next@14.2.35_@babel+core@7.29.0_@opentelemetry+api@1.9.1_@playwright+test@1.59.1_react-_ddb18e2cec85d1d825067b871843901d/node_modules/next/dist/client/components/react-dev-overlay/app/hot-reloader-client.js:276:44)
    at WebSocket.handler (webpack-internal:///(app-pages-browser)/../../node_modules/.pnpm/next@14.2.35_@babel+core@7.29.0_@opentelemetry+api@1.9.1_@playwright+test@1.59.1_react-_ddb18e2cec85d1d825067b871843901d/node_modules/next/dist/client/components/react-dev-overlay/app/hot-reloader-client.js:395:17) @ webpack-internal:///(app-pages-browser)/../../node_modules/.pnpm/next@14.2.35_@babel+core@7.29.0_@opentelemetry+api@1.9.1_@playwright+test@1.59.1_react-_ddb18e2cec85d1d825067b871843901d/node_modules/next/dist/client/app-index.js:32
[    5271ms] [VERBOSE] [DOM] Password field is not contained in a form: (More info: https://goo.gl/9p2vKq) %o @ http://localhost:3000/onboarding:0
[    5715ms] [INFO] %cDownload the React DevTools for a better development experience: https://reactjs.org/link/react-devtools font-weight:bold @ webpack-internal:///(app-pages-browser)/../../node_modules/.pnpm/next@14.2.35_@babel+core@7.29.0_@opentelemetry+api@1.9.1_@playwright+test@1.59.1_react-_ddb18e2cec85d1d825067b871843901d/node_modules/next/dist/compiled/react-dom/cjs/react-dom.development.js:38559
[   11962ms] [LOG] [Fast Refresh] rebuilding @ webpack-internal:///(app-pages-browser)/../../node_modules/.pnpm/next@14.2.35_@babel+core@7.29.0_@opentelemetry+api@1.9.1_@playwright+test@1.59.1_react-_ddb18e2cec85d1d825067b871843901d/node_modules/next/dist/client/components/react-dev-overlay/app/hot-reloader-client.js:186
[   57369ms] [LOG] [Fast Refresh] rebuilding @ webpack-internal:///(app-pages-browser)/../../node_modules/.pnpm/next@14.2.35_@babel+core@7.29.0_@opentelemetry+api@1.9.1_@playwright+test@1.59.1_react-_ddb18e2cec85d1d825067b871843901d/node_modules/next/dist/client/components/react-dev-overlay/app/hot-reloader-client.js:186
[   58816ms] [LOG] [Fast Refresh] rebuilding @ webpack-internal:///(app-pages-browser)/../../node_modules/.pnpm/next@14.2.35_@babel+core@7.29.0_@opentelemetry+api@1.9.1_@playwright+test@1.59.1_react-_ddb18e2cec85d1d825067b871843901d/node_modules/next/dist/client/components/react-dev-overlay/app/hot-reloader-client.js:186
[   58960ms] [LOG] [Fast Refresh] rebuilding @ webpack-internal:///(app-pages-browser)/../../node_modules/.pnpm/next@14.2.35_@babel+core@7.29.0_@opentelemetry+api@1.9.1_@playwright+test@1.59.1_react-_ddb18e2cec85d1d825067b871843901d/node_modules/next/dist/client/components/react-dev-overlay/app/hot-reloader-client.js:186
[   89901ms] [VERBOSE] [DOM] Password field is not contained in a form: (More info: https://goo.gl/9p2vKq) %o @ http://localhost:3000/onboarding:0
