[     117ms] [VERBOSE] [DOM] Password field is not contained in a form: (More info: https://goo.gl/9p2vKq) @ http://127.0.0.1:3000/onboarding:0
[     315ms] [INFO] %cDownload the React DevTools for a better development experience: https://reactjs.org/link/react-devtools font-weight:bold @ webpack-internal:///(app-pages-browser)/../../node_modules/.pnpm/next@14.2.35_@babel+core@7.29.0_@opentelemetry+api@1.9.1_@playwright+test@1.59.1_react-_ddb18e2cec85d1d825067b871843901d/node_modules/next/dist/compiled/react-dom/cjs/react-dom.development.js:38559
[   10960ms] [ERROR] Failed to load resource: the server responded with a status of 400 (Bad Request) @ http://127.0.0.1:3000/api/auth/password/signup:0
[   66692ms] [LOG] [Fast Refresh] rebuilding @ webpack-internal:///(app-pages-browser)/../../node_modules/.pnpm/next@14.2.35_@babel+core@7.29.0_@opentelemetry+api@1.9.1_@playwright+test@1.59.1_react-_ddb18e2cec85d1d825067b871843901d/node_modules/next/dist/client/components/react-dev-overlay/app/hot-reloader-client.js:186
[   66923ms] [LOG] [Fast Refresh] done in 231ms @ webpack-internal:///(app-pages-browser)/../../node_modules/.pnpm/next@14.2.35_@babel+core@7.29.0_@opentelemetry+api@1.9.1_@playwright+test@1.59.1_react-_ddb18e2cec85d1d825067b871843901d/node_modules/next/dist/client/components/react-dev-overlay/app/hot-reloader-client.js:43
[   99503ms] [LOG] [Fast Refresh] rebuilding @ webpack-internal:///(app-pages-browser)/../../node_modules/.pnpm/next@14.2.35_@babel+core@7.29.0_@opentelemetry+api@1.9.1_@playwright+test@1.59.1_react-_ddb18e2cec85d1d825067b871843901d/node_modules/next/dist/client/components/react-dev-overlay/app/hot-reloader-client.js:186
[   99681ms] [LOG] [Fast Refresh] done in 177ms @ webpack-internal:///(app-pages-browser)/../../node_modules/.pnpm/next@14.2.35_@babel+core@7.29.0_@opentelemetry+api@1.9.1_@playwright+test@1.59.1_react-_ddb18e2cec85d1d825067b871843901d/node_modules/next/dist/client/components/react-dev-overlay/app/hot-reloader-client.js:43
[  126842ms] [LOG] [Fast Refresh] rebuilding @ webpack-internal:///(app-pages-browser)/../../node_modules/.pnpm/next@14.2.35_@babel+core@7.29.0_@opentelemetry+api@1.9.1_@playwright+test@1.59.1_react-_ddb18e2cec85d1d825067b871843901d/node_modules/next/dist/client/components/react-dev-overlay/app/hot-reloader-client.js:186
[  126959ms] [LOG] [Fast Refresh] done in 117ms @ webpack-internal:///(app-pages-browser)/../../node_modules/.pnpm/next@14.2.35_@babel+core@7.29.0_@opentelemetry+api@1.9.1_@playwright+test@1.59.1_react-_ddb18e2cec85d1d825067b871843901d/node_modules/next/dist/client/components/react-dev-overlay/app/hot-reloader-client.js:43
[  137349ms] [LOG] [Fast Refresh] rebuilding @ webpack-internal:///(app-pages-browser)/../../node_modules/.pnpm/next@14.2.35_@babel+core@7.29.0_@opentelemetry+api@1.9.1_@playwright+test@1.59.1_react-_ddb18e2cec85d1d825067b871843901d/node_modules/next/dist/client/components/react-dev-overlay/app/hot-reloader-client.js:186
[  148908ms] [LOG] [Fast Refresh] rebuilding @ webpack-internal:///(app-pages-browser)/../../node_modules/.pnpm/next@14.2.35_@babel+core@7.29.0_@opentelemetry+api@1.9.1_@playwright+test@1.59.1_react-_ddb18e2cec85d1d825067b871843901d/node_modules/next/dist/client/components/react-dev-overlay/app/hot-reloader-client.js:186
[  149082ms] [LOG] [Fast Refresh] rebuilding @ webpack-internal:///(app-pages-browser)/../../node_modules/.pnpm/next@14.2.35_@babel+core@7.29.0_@opentelemetry+api@1.9.1_@playwright+test@1.59.1_react-_ddb18e2cec85d1d825067b871843901d/node_modules/next/dist/client/components/react-dev-overlay/app/hot-reloader-client.js:186
[  149090ms] [LOG] [Fast Refresh] done in 8ms @ webpack-internal:///(app-pages-browser)/../../node_modules/.pnpm/next@14.2.35_@babel+core@7.29.0_@opentelemetry+api@1.9.1_@playwright+test@1.59.1_react-_ddb18e2cec85d1d825067b871843901d/node_modules/next/dist/client/components/react-dev-overlay/app/hot-reloader-client.js:43
[  150136ms] [LOG] [Fast Refresh] rebuilding @ webpack-internal:///(app-pages-browser)/../../node_modules/.pnpm/next@14.2.35_@babel+core@7.29.0_@opentelemetry+api@1.9.1_@playwright+test@1.59.1_react-_ddb18e2cec85d1d825067b871843901d/node_modules/next/dist/client/components/react-dev-overlay/app/hot-reloader-client.js:186
[  150194ms] [LOG] [Fast Refresh] rebuilding @ webpack-internal:///(app-pages-browser)/../../node_modules/.pnpm/next@14.2.35_@babel+core@7.29.0_@opentelemetry+api@1.9.1_@playwright+test@1.59.1_react-_ddb18e2cec85d1d825067b871843901d/node_modules/next/dist/client/components/react-dev-overlay/app/hot-reloader-client.js:186
[  150274ms] [LOG] [Fast Refresh] rebuilding @ webpack-internal:///(app-pages-browser)/../../node_modules/.pnpm/next@14.2.35_@babel+core@7.29.0_@opentelemetry+api@1.9.1_@playwright+test@1.59.1_react-_ddb18e2cec85d1d825067b871843901d/node_modules/next/dist/client/components/react-dev-overlay/app/hot-reloader-client.js:186
[  150364ms] [LOG] [Fast Refresh] rebuilding @ webpack-internal:///(app-pages-browser)/../../node_modules/.pnpm/next@14.2.35_@babel+core@7.29.0_@opentelemetry+api@1.9.1_@playwright+test@1.59.1_react-_ddb18e2cec85d1d825067b871843901d/node_modules/next/dist/client/components/react-dev-overlay/app/hot-reloader-client.js:186
[  150637ms] [LOG] [Fast Refresh] done in 273ms @ webpack-internal:///(app-pages-browser)/../../node_modules/.pnpm/next@14.2.35_@babel+core@7.29.0_@opentelemetry+api@1.9.1_@playwright+test@1.59.1_react-_ddb18e2cec85d1d825067b871843901d/node_modules/next/dist/client/components/react-dev-overlay/app/hot-reloader-client.js:43
[  151374ms] [LOG] [Fast Refresh] rebuilding @ webpack-internal:///(app-pages-browser)/../../node_modules/.pnpm/next@14.2.35_@babel+core@7.29.0_@opentelemetry+api@1.9.1_@playwright+test@1.59.1_react-_ddb18e2cec85d1d825067b871843901d/node_modules/next/dist/client/components/react-dev-overlay/app/hot-reloader-client.js:186
[  151479ms] [LOG] [Fast Refresh] done in 106ms @ webpack-internal:///(app-pages-browser)/../../node_modules/.pnpm/next@14.2.35_@babel+core@7.29.0_@opentelemetry+api@1.9.1_@playwright+test@1.59.1_react-_ddb18e2cec85d1d825067b871843901d/node_modules/next/dist/client/components/react-dev-overlay/app/hot-reloader-client.js:43
[  151499ms] [LOG] [Fast Refresh] rebuilding @ webpack-internal:///(app-pages-browser)/../../node_modules/.pnpm/next@14.2.35_@babel+core@7.29.0_@opentelemetry+api@1.9.1_@playwright+test@1.59.1_react-_ddb18e2cec85d1d825067b871843901d/node_modules/next/dist/client/components/react-dev-overlay/app/hot-reloader-client.js:186
[  151533ms] [LOG] [Fast Refresh] done in 34ms @ webpack-internal:///(app-pages-browser)/../../node_modules/.pnpm/next@14.2.35_@babel+core@7.29.0_@opentelemetry+api@1.9.1_@playwright+test@1.59.1_react-_ddb18e2cec85d1d825067b871843901d/node_modules/next/dist/client/components/react-dev-overlay/app/hot-reloader-client.js:43
[  157746ms] [LOG] [Fast Refresh] rebuilding @ webpack-internal:///(app-pages-browser)/../../node_modules/.pnpm/next@14.2.35_@babel+core@7.29.0_@opentelemetry+api@1.9.1_@playwright+test@1.59.1_react-_ddb18e2cec85d1d825067b871843901d/node_modules/next/dist/client/components/react-dev-overlay/app/hot-reloader-client.js:186
[  157937ms] [LOG] [Fast Refresh] done in 192ms @ webpack-internal:///(app-pages-browser)/../../node_modules/.pnpm/next@14.2.35_@babel+core@7.29.0_@opentelemetry+api@1.9.1_@playwright+test@1.59.1_react-_ddb18e2cec85d1d825067b871843901d/node_modules/next/dist/client/components/react-dev-overlay/app/hot-reloader-client.js:43
[  158092ms] [LOG] [Fast Refresh] rebuilding @ webpack-internal:///(app-pages-browser)/../../node_modules/.pnpm/next@14.2.35_@babel+core@7.29.0_@opentelemetry+api@1.9.1_@playwright+test@1.59.1_react-_ddb18e2cec85d1d825067b871843901d/node_modules/next/dist/client/components/react-dev-overlay/app/hot-reloader-client.js:186
[  158480ms] [LOG] [Fast Refresh] done in 387ms @ webpack-internal:///(app-pages-browser)/../../node_modules/.pnpm/next@14.2.35_@babel+core@7.29.0_@opentelemetry+api@1.9.1_@playwright+test@1.59.1_react-_ddb18e2cec85d1d825067b871843901d/node_modules/next/dist/client/components/react-dev-overlay/app/hot-reloader-client.js:43
[  158766ms] [ERROR] Failed to load resource: the server responded with a status of 404 (Not Found) @ http://127.0.0.1:3000/_next/static/css/app/layout.css?v=1776997630374:0
[  158839ms] Event
[  164906ms] [LOG] [Fast Refresh] rebuilding @ webpack-internal:///(app-pages-browser)/../../node_modules/.pnpm/next@14.2.35_@babel+core@7.29.0_@opentelemetry+api@1.9.1_@playwright+test@1.59.1_react-_ddb18e2cec85d1d825067b871843901d/node_modules/next/dist/client/components/react-dev-overlay/app/hot-reloader-client.js:186
[  165129ms] [LOG] [Fast Refresh] done in 223ms @ webpack-internal:///(app-pages-browser)/../../node_modules/.pnpm/next@14.2.35_@babel+core@7.29.0_@opentelemetry+api@1.9.1_@playwright+test@1.59.1_react-_ddb18e2cec85d1d825067b871843901d/node_modules/next/dist/client/components/react-dev-overlay/app/hot-reloader-client.js:43
[  213190ms] [LOG] [Fast Refresh] rebuilding @ webpack-internal:///(app-pages-browser)/../../node_modules/.pnpm/next@14.2.35_@babel+core@7.29.0_@opentelemetry+api@1.9.1_@playwright+test@1.59.1_react-_ddb18e2cec85d1d825067b871843901d/node_modules/next/dist/client/components/react-dev-overlay/app/hot-reloader-client.js:186
[  213353ms] [LOG] [Fast Refresh] done in 162ms @ webpack-internal:///(app-pages-browser)/../../node_modules/.pnpm/next@14.2.35_@babel+core@7.29.0_@opentelemetry+api@1.9.1_@playwright+test@1.59.1_react-_ddb18e2cec85d1d825067b871843901d/node_modules/next/dist/client/components/react-dev-overlay/app/hot-reloader-client.js:43
[  213538ms] [LOG] [Fast Refresh] rebuilding @ webpack-internal:///(app-pages-browser)/../../node_modules/.pnpm/next@14.2.35_@babel+core@7.29.0_@opentelemetry+api@1.9.1_@playwright+test@1.59.1_react-_ddb18e2cec85d1d825067b871843901d/node_modules/next/dist/client/components/react-dev-overlay/app/hot-reloader-client.js:186
[  213711ms] [LOG] [Fast Refresh] done in 174ms @ webpack-internal:///(app-pages-browser)/../../node_modules/.pnpm/next@14.2.35_@babel+core@7.29.0_@opentelemetry+api@1.9.1_@playwright+test@1.59.1_react-_ddb18e2cec85d1d825067b871843901d/node_modules/next/dist/client/components/react-dev-overlay/app/hot-reloader-client.js:43
[  396021ms] [VERBOSE] [DOM] Password field is not contained in a form: (More info: https://goo.gl/9p2vKq) @ https://bharatdoc-web.vercel.app/onboarding:0
[  397665ms] [VERBOSE] [DOM] Password field is not contained in a form: (More info: https://goo.gl/9p2vKq) @ https://bharatdoc-web.vercel.app/onboarding:0
[  435739ms] [ERROR] Failed to load resource: the server responded with a status of 400 () @ https://jtezgoegatwbvdqeogiy.supabase.co/auth/v1/token?grant_type=password:0
